
> @willworth/zebra-scout@0.1.0 build /Users/willworth/code/monorepo/sites/zebra-scout
> next build

   ▲ Next.js 15.3.4

   Creating an optimized production build ...
 ✓ Compiled successfully in 1000ms
   Linting and checking validity of types ...

 ⚠ The Next.js plugin was not detected in your ESLint configuration. See https://nextjs.org/docs/app/api-reference/config/eslint#migrating-existing-config
   Collecting page data ...
   Generating static pages (0/7) ...
   Generating static pages (1/7) 
   Generating static pages (3/7) 
   Generating static pages (5/7) 
 ✓ Generating static pages (7/7)
   Finalizing page optimization ...
   Collecting build traces ...
   Exporting (0/3) ...
 ✓ Exporting (3/3)

Route (app)                                 Size  First Load JS
┌ ○ /                                      173 B         105 kB
├ ○ /_not-found                            977 B         102 kB
├ ○ /about                                 173 B         105 kB
├ ○ /results                             2.16 kB         124 kB
└ ○ /symptoms                            1.75 kB         120 kB
+ First Load JS shared by all             101 kB
  ├ chunks/38-e5f10e0c12efc1e6.js          46 kB
  ├ chunks/68c08141-26a324a3ee49cf01.js  53.2 kB
  └ other shared chunks (total)          1.92 kB


○  (Static)  prerendered as static content

